2017-03-06 08:25:53,447 - os.name - Linux
2017-03-06 08:25:53,447 - os.arch - amd64
2017-03-06 08:25:53,447 - os.version - 3.13.0-34-generic
2017-03-06 08:25:53,447 - java.version - 1.8.0_11
2017-03-06 08:25:53,447 - java.vendor - Oracle Corporation
2017-03-06 08:25:53,447 - java.vendor.url - http://java.oracle.com/
2017-03-06 08:25:53,447 - java.home - /prax/programas/jdk1.8.0_11/jre
2017-03-06 08:25:53,447 - java.vm.specification.name - Java Virtual Machine Specification
2017-03-06 08:25:53,447 - java.vm.specification.vendor - Oracle Corporation
2017-03-06 08:25:53,447 - java.vm.specification.version - 1.8
2017-03-06 08:25:53,447 - java.class.path - /prax/programas/eclipse-jee//plugins/org.eclipse.equinox.launcher_1.3.0.v20140415-2008.jar
2017-03-06 08:25:53,447 - java.library.path - /usr/java/packages/lib/amd64:/usr/lib64:/lib64:/lib:/usr/lib
2017-03-06 08:25:53,447 - --------------------------------------
2017-03-06 08:25:53,447 - ## Eclipse Plug-ins Log Information ##
2017-03-06 08:25:53,447 - --------------------------------------
2017-03-06 08:25:53,453 - org.eclipse.sequoyah.localization.tools - 2.1.0.N20120718-0509
2017-03-06 08:25:53,453 - org.eclipse.sequoyah.localization.editor - 2.1.0.N20120718-0509
2017-03-06 08:25:53,454 - org.eclipse.andmore.traceview - 0.5.0.201512151015
2017-03-06 08:25:53,455 - org.eclipse.andmore.hierarchyviewer - 0.5.0.201512151015
2017-03-06 08:25:53,455 - org.eclipse.sequoyah.localization.android - 2.1.0.N20120718-0509
2017-03-06 08:25:53,456 - org.eclipse.sequoyah.localization.android.help - 2.1.1.N20120718-0509
2017-03-06 08:25:53,457 - org.eclipse.sequoyah.device.backward - 2.1.0.N20120718-0509
2017-03-06 08:25:53,457 - org.eclipse.sequoyah.device.framework - 2.1.0.N20120718-0509
2017-03-06 08:25:53,457 - org.eclipse.sequoyah.device.framework.ui - 2.1.0.N20120718-0509
2017-03-06 08:25:53,457 - org.eclipse.sequoyah.device.service.start - 2.1.0.N20120718-0509
2017-03-06 08:25:53,457 - org.eclipse.sequoyah.device.service.stop - 2.1.0.N20120718-0509
2017-03-06 08:25:53,458 - org.eclipse.sequoyah.device.framework.wizard - 2.1.0.N20120718-0509
2017-03-06 08:25:53,458 - org.eclipse.sequoyah.device.common.utilities - 2.1.0.N20120718-0509
2017-03-06 08:25:53,464 - org.eclipse.andmore.android.common - 0.5.0.201512151015
2017-03-06 08:25:53,464 - org.eclipse.andmore.android.codeutils - 0.5.0.201512151015
2017-03-06 08:25:53,464 - org.eclipse.andmore.android.translation - 0.5.0.201512151015
2017-03-06 08:25:53,465 - org.eclipse.andmore.android.codesnippets - 0.5.0.201512151015
2017-03-06 08:25:53,465 - org.eclipse.andmore.android.db.core - 0.5.0.201512151015
2017-03-06 08:25:53,468 - org.eclipse.andmore.android.certmanager - 0.5.0.201512151015
2017-03-06 08:25:53,469 - org.eclipse.andmore.android.logger - 0.5.0.201512151015
2017-03-06 08:25:53,469 - org.eclipse.andmore.android - 0.5.0.201512151015
2017-03-06 08:25:53,469 - org.eclipse.andmore.android.emulator - 0.5.0.201512151015
2017-03-06 08:25:53,470 - org.eclipse.andmore.android.launch - 0.5.0.201512151015
2017-03-06 08:25:53,470 - org.eclipse.andmore.android.packaging.ui - 0.5.0.201512151015
2017-03-06 08:25:53,470 - org.eclipse.andmore.android.handset - 0.5.0.201512151015
2017-03-06 08:25:53,470 - org.eclipse.andmore.android.remote - 0.5.0.201512151015
2017-03-06 08:25:53,470 - org.eclipse.andmore.android.linux.x86_64 - 0.5.0.201512151015
2017-03-06 08:25:53,471 - org.eclipse.andmore.android.mat - 0.5.0.201512151015
2017-03-06 08:25:53,471 - org.eclipse.andmore.android.devices.services - 0.5.0.201512151015
2017-03-06 08:25:53,471 - org.eclipse.andmore.android.db.devices - 0.5.0.201512151015
2017-03-06 08:25:53,471 - org.eclipse.andmore.android.installer - 0.5.0.201512151015
2017-03-06 08:25:53,471 - org.eclipse.andmore.android.logger.collector - 0.5.0.201512151015
2017-03-06 08:25:53,505 - org.eclipse.sequoyah.vnc.vncviewer.vncviews - 2.1.0.N20120718-0509
2017-03-06 08:25:53,506 - org.objectweb.asm - 5.0.1.v201404251740
2017-03-06 08:25:53,506 - org.eclipse.andmore - 0.5.0.201512151015
2017-03-06 08:25:53,507 - org.eclipse.andmore.base - 0.5.0.201512151015
2017-03-06 08:25:53,507 - org.eclipse.andmore.ddms - 0.5.0.201512151015
2017-03-06 08:25:53,507 - overlay.org.eclipse.andmore.overlay - 0.5.0.201512151015
2017-03-06 08:25:53,511 - org.apache.commons.codec - 1.6.0.v201305230611
2017-03-06 08:25:53,512 - org.apache.commons.compress - 1.6.0.v201310281400
2017-03-06 08:25:53,513 - org.apache.httpcomponents.httpclient - 4.3.6.v201411290715
2017-03-06 08:25:53,514 - org.apache.httpcomponents.httpcore - 4.3.3.v201411290715
2017-03-06 08:25:53,572 - com.mountainminds.eclemma.core - 2.3.2.201409141915
2017-03-06 08:25:53,572 - com.mountainminds.eclemma.doc - 2.3.2.201409141915
2017-03-06 08:25:53,573 - com.mountainminds.eclemma.ui - 2.3.2.201409141915
2017-03-06 08:25:53,573 - com.mountainminds.eclemma.debug.ui.compatibility - 2.3.2.201409141915
2017-03-06 08:25:53,574 - org.jacoco.agent - 0.7.2.201409121644
2017-03-06 08:25:53,580 - org.jacoco.core - 0.7.2.201409121644
2017-03-06 08:25:53,580 - org.jacoco.report - 0.7.2.201409121644
2017-03-06 08:25:53,581 - com.mountainminds.eclemma.asm - 2.3.2.201409141915
2017-03-06 08:25:53,584 - org.eclipse.sequoyah.vnc.vncviewer - 2.1.0.N20120718-0509
2017-03-06 08:25:53,591 - com.caucho.common - 4.0.27
2017-03-06 08:25:53,591 - com.caucho.resin.eclipse - 4.0.27
2017-03-06 08:25:53,592 - org.eclipse.andmore.ndk - 0.5.0.201512151015
2017-03-06 08:25:53,602 - org.eclipse.andmore.gldebugger - 0.5.0.201512151015
2017-03-06 08:25:53,604 - org.testng.eclipse - 6.9.10.201512240000
2017-03-06 08:25:53,605 - org.eclipse.cdt.gdb - 7.0.0.201502131403
2017-03-06 08:25:53,607 - org.eclipse.cdt.gdb.ui - 7.0.0.201502131403
2017-03-06 08:25:53,608 - org.eclipse.sequoyah.vnc.protocol - 2.1.0.N20120718-0509
2017-03-06 08:25:53,613 - org.eclipse.team.svn.revision.graph - 2.0.0.I20140609-1700
2017-03-06 08:25:53,618 - javax.el - 2.2.0.v201303151357
2017-03-06 08:25:53,619 - javax.servlet - 3.0.0.v201112011016
2017-03-06 08:25:53,619 - javax.servlet.jsp - 2.2.0.v201112011158
2017-03-06 08:25:53,619 - com.sun.el - 2.2.0.v201303151357
2017-03-06 08:25:53,621 - org.apache.commons.logging - 1.1.1.v201101211721
2017-03-06 08:25:53,621 - org.apache.jasper.glassfish - 2.2.2.v201205150955
2017-03-06 08:25:53,622 - org.apache.lucene.analysis - 3.5.0.v20120725-1805
2017-03-06 08:25:53,624 - org.apache.lucene.core - 3.5.0.v20120725-1805
2017-03-06 08:25:53,639 - org.eclipse.equinox.http.jetty - 3.0.200.v20131021-1843
2017-03-06 08:25:53,647 - org.eclipse.equinox.http.registry - 1.1.300.v20130402-1529
2017-03-06 08:25:53,647 - org.eclipse.equinox.http.servlet - 1.1.500.v20140318-1755
2017-03-06 08:25:53,647 - org.eclipse.equinox.jsp.jasper - 1.0.400.v20130327-1442
2017-03-06 08:25:53,648 - org.eclipse.equinox.jsp.jasper.registry - 1.0.300.v20130327-1442
2017-03-06 08:25:53,648 - org.eclipse.help.base - 4.0.200.v20140606-1215
2017-03-06 08:25:53,648 - org.eclipse.help.ui - 4.0.100.v20140401-0608
2017-03-06 08:25:53,648 - org.eclipse.help.webapp - 3.6.300.v20140407-1855
2017-03-06 08:25:53,648 - org.eclipse.jetty.continuation - 8.1.14.v20131031
2017-03-06 08:25:53,649 - org.eclipse.jetty.http - 8.1.14.v20131031
2017-03-06 08:25:53,649 - org.eclipse.jetty.io - 8.1.14.v20131031
2017-03-06 08:25:53,649 - org.eclipse.jetty.security - 8.1.14.v20131031
2017-03-06 08:25:53,650 - org.eclipse.jetty.server - 8.1.14.v20131031
2017-03-06 08:25:53,650 - org.eclipse.jetty.servlet - 8.1.14.v20131031
2017-03-06 08:25:53,651 - org.eclipse.jetty.util - 8.1.14.v20131031
2017-03-06 08:25:53,652 - org.eclipse.core.net - 1.2.200.v20140124-2013
2017-03-06 08:25:53,652 - org.eclipse.equinox.security - 1.2.0.v20130424-1801
2017-03-06 08:25:53,653 - org.jboss.tools.forge.m2e - 1.1.0.Beta3-v20140722-1702-B49
2017-03-06 08:25:53,654 - org.eclipse.mylyn.bugzilla.core - 3.12.0.v20140522-1837
2017-03-06 08:25:53,655 - org.eclipse.mylyn.bugzilla.ui - 3.12.0.v20140401-2350
2017-03-06 08:25:53,656 - org.eclipse.egit.core - 3.4.0.201406110918-r
2017-03-06 08:25:53,657 - org.eclipse.egit.ui - 3.4.0.201406110918-r
2017-03-06 08:25:53,657 - org.eclipse.egit - 3.4.0.201406110918-r
2017-03-06 08:25:53,657 - org.eclipse.egit.doc - 3.4.0.201406110918-r
2017-03-06 08:25:53,658 - org.eclipse.mylyn.tasks.core - 3.12.0.v20140522-2107
2017-03-06 08:25:53,661 - org.eclipse.mylyn.tasks.index.core - 3.12.0.v20140401-2350
2017-03-06 08:25:53,661 - org.eclipse.mylyn.tasks.index.ui - 3.12.0.v20140401-2350
2017-03-06 08:25:53,661 - org.eclipse.mylyn.tasks.search - 3.12.0.v20140401-2350
2017-03-06 08:25:53,663 - org.eclipse.mylyn.tasks.ui - 3.12.0.v20140521-2340
2017-03-06 08:25:53,664 - org.eclipse.jpt.dbws.eclipselink.core.gen - 1.1.100.v201310142259
2017-03-06 08:25:53,665 - javax.wsdl - 1.6.2.v201012040545
2017-03-06 08:25:53,665 - org.eclipse.persistence.dbws - 2.6.0.v20130815-a4708b6
2017-03-06 08:25:53,665 - org.eclipse.persistence.dbws.builder - 2.6.0.v20130815-a4708b6
2017-03-06 08:25:53,665 - org.eclipse.jpt.dbws.eclipselink.branding - 1.2.100.v201310142259
2017-03-06 08:25:53,671 - org.jboss.ide.eclipse.as.rse.core - 3.0.0.Beta3-v20140718-1832-B70
2017-03-06 08:25:53,672 - org.jboss.ide.eclipse.as.rse.ui - 3.0.0.Beta3-v20140718-1832-B70
2017-03-06 08:25:53,673 - org.eclipse.gef - 3.9.100.201405261516
2017-03-06 08:25:53,674 - org.eclipse.mylyn.commons.identity.core - 1.4.0.v20140331-0927
2017-03-06 08:25:53,675 - javax.persistence - 2.1.0.v201304241213
2017-03-06 08:25:53,675 - org.eclipse.jpt.jpa.annotate - 1.0.100.v201310142259
2017-03-06 08:25:53,676 - org.eclipse.jpt.jpa.core - 3.4.0.v201401221940
2017-03-06 08:25:53,676 - org.eclipse.jpt.jpa.db - 2.2.100.v201311210251
2017-03-06 08:25:53,676 - org.eclipse.jpt.jpa.db.ui - 2.1.100.v201310142259
2017-03-06 08:25:53,677 - org.eclipse.jpt.jpa.gen - 2.3.100.v201310142259
2017-03-06 08:25:53,677 - org.eclipse.jpt.jpa.ui - 3.4.0.v201312050012
2017-03-06 08:25:53,679 - org.eclipse.jpt.doc.user - 3.2.100.v201310142259
2017-03-06 08:25:53,680 - org.eclipse.persistence.jpa.jpql - 2.6.0.v20130815-a4708b6
2017-03-06 08:25:53,680 - org.apache.commons.collections - 3.2.0.v2013030210310
2017-03-06 08:25:53,683 - org.apache.commons.lang - 2.6.0.v201404270220
2017-03-06 08:25:53,685 - org.apache.velocity - 1.5.0.v200905192330
2017-03-06 08:25:53,686 - org.jdom - 1.1.1.v201101151400
2017-03-06 08:25:53,686 - org.eclipse.jpt.jpa.branding - 3.4.0.v201310142259
2017-03-06 08:25:53,687 - org.eclipse.emf.codegen.ui - 2.6.0.v20140519-0339
2017-03-06 08:25:53,688 - org.eclipse.datatools.enablement.sqlite - 1.0.0.v201002041100
2017-03-06 08:25:53,689 - org.eclipse.datatools.enablement.sqlite.dbdefinition - 1.0.2.v201206010441
2017-03-06 08:25:53,693 - org.eclipse.datatools.enablement.sqlite.ui - 1.0.0.v201107221507
2017-03-06 08:25:53,693 - org.eclipse.datatools.enablement.finfo - 1.5.1.v200906161800
2017-03-06 08:25:53,694 - org.eclipse.team.svn.sources - 2.0.0.I20140609-1700
2017-03-06 08:25:53,695 - org.eclipse.team.svn.mylyn - 2.0.0.I20140609-1700
2017-03-06 08:25:53,703 - org.eclipse.rse.subsystems.terminals.core - 1.0.300.201403100950
2017-03-06 08:25:53,704 - org.eclipse.rse.subsystems.terminals.ssh - 1.0.200.201403100950
2017-03-06 08:25:53,704 - org.eclipse.rse.terminals.ui - 1.2.100.201403211815
2017-03-06 08:25:53,710 - org.eclipse.mylyn.commons.notifications.core - 1.4.0.v20140331-0927
2017-03-06 08:25:53,710 - org.eclipse.mylyn.commons.notifications.feed - 1.4.0.v20140331-0927
2017-03-06 08:25:53,711 - org.eclipse.mylyn.commons.notifications.ui - 1.4.0.v20140331-0927
2017-03-06 08:25:53,712 - org.eclipse.emf.converter - 2.7.0.v20140519-0339
2017-03-06 08:25:53,712 - org.eclipse.emf.importer - 2.9.0.v20140519-0339
2017-03-06 08:25:53,713 - org.eclipse.emf.exporter - 2.7.0.v20140519-0339
2017-03-06 08:25:53,713 - org.eclipse.emf.importer.ecore - 2.8.0.v20140519-0339
2017-03-06 08:25:53,713 - org.eclipse.emf.importer.java - 2.7.0.v20140519-0339
2017-03-06 08:25:53,713 - org.eclipse.emf.importer.rose - 2.7.0.v20140519-0339
2017-03-06 08:25:53,714 - org.jboss.tools.portlet.core - 1.6.0.Beta3-v20140705-1042-B13
2017-03-06 08:25:53,714 - org.jboss.tools.portlet.ui - 1.6.0.Beta3-v20140705-1042-B13
2017-03-06 08:25:53,721 - org.eclipse.datatools.enablement.oda.ws.ui - 1.2.6.v201403131825
2017-03-06 08:25:53,721 - org.eclipse.datatools.enablement.oda.xml.ui - 1.2.7.v201403131825
2017-03-06 08:25:53,721 - org.eclipse.datatools.connectivity.oda.flatfile.ui - 3.1.9.v201403131825
2017-03-06 08:25:53,722 - org.eclipse.datatools.enablement.postgresql.dbdefinition - 1.0.2.v201110070445
2017-03-06 08:25:53,722 - org.eclipse.datatools.enablement.postgresql - 1.1.1.v201205252207
2017-03-06 08:25:53,723 - org.eclipse.datatools.enablement.postgresql.ui - 1.0.0.v201107221506
2017-03-06 08:25:53,723 - org.eclipse.datatools.enablement.finfo - 1.5.1.v200906161800
2017-03-06 08:25:53,723 - org.jboss.tools.maven.seam - 1.6.0.Beta3-v20140718-1719-B77
2017-03-06 08:25:53,729 - org.eclipse.datatools.connectivity.oda.design.ui - 3.2.9.v201403131814
2017-03-06 08:25:53,729 - org.eclipse.datatools.connectivity.ui.dse - 1.1.5.v201212070447
2017-03-06 08:25:53,730 - org.eclipse.datatools.connectivity.ui - 1.2.4.v201212070447
2017-03-06 08:25:53,735 - org.eclipse.datatools.connectivity.sqm.core - 1.2.8.v201401230755
2017-03-06 08:25:53,735 - org.eclipse.datatools.help - 1.5.0.v200906020553
2017-03-06 08:25:53,737 - org.jboss.tools.jmx.core - 1.6.0.Beta3-v20140718-1832-B70
2017-03-06 08:25:53,737 - org.jboss.tools.jmx.ui - 1.6.0.Beta3-v20140718-1832-B70
2017-03-06 08:25:53,737 - org.jboss.tools.jmx.jvmmonitor.core - 1.6.0.Beta3-v20140718-1832-B70
2017-03-06 08:25:53,737 - org.jboss.tools.jmx.jvmmonitor.tools - 1.6.0.Beta3-v20140718-1832-B70
2017-03-06 08:25:53,738 - org.jboss.tools.jmx.jvmmonitor.ui - 1.6.0.Beta3-v20140718-1832-B70
2017-03-06 08:25:53,738 - org.jboss.tools.jmx.local - 1.6.0.Beta3-v20140718-1832-B70
2017-03-06 08:25:53,739 - org.eclipse.m2e.wtp.jsf - 1.1.0.20140611-1646
2017-03-06 08:25:53,740 - org.eclipse.datatools.connectivity.db.generic - 1.0.1.v201107221459
2017-03-06 08:25:53,741 - org.eclipse.datatools.connectivity.db.generic.ui - 1.0.2.v201211200622
2017-03-06 08:25:53,741 - org.eclipse.datatools.connectivity.dbdefinition.genericJDBC - 1.0.2.v201310181001
2017-03-06 08:25:53,742 - org.eclipse.emf.mapping - 2.8.0.v20140519-0339
2017-03-06 08:25:53,742 - org.eclipse.wst.common.project.facet.core - 1.4.300.v201111030424
2017-03-06 08:25:53,743 - org.eclipse.wst.common.project.facet.ui - 1.4.300.v201111030424
2017-03-06 08:25:53,744 - org.eclipse.emf.ecore - 2.10.0.v20140514-1158
2017-03-06 08:25:53,744 - org.eclipse.emf.ecore.change - 2.10.0.v20140514-1158
2017-03-06 08:25:53,752 - org.eclipse.emf.ecore.xmi - 2.10.0.v20140514-1158
2017-03-06 08:25:53,754 - org.eclipse.datatools.intro - 1.7.0.v201005281800
2017-03-06 08:25:53,755 - org.eclipse.jst.common.project.facet.core - 1.4.400.v201403261500
2017-03-06 08:25:53,757 - org.eclipse.jst.common.project.facet.ui - 1.4.200.v201008182133
2017-03-06 08:25:53,758 - org.eclipse.jgit - 3.4.0.201406110918-r
2017-03-06 08:25:53,758 - org.eclipse.jgit.archive - 3.4.0.201406110918-r
2017-03-06 08:25:53,758 - com.jcraft.jsch - 0.1.50.v201403120620
2017-03-06 08:25:53,758 - javaewah - 0.7.9.v201401101600
2017-03-06 08:25:53,759 - org.apache.commons.compress - 1.6.0.v201310281400
2017-03-06 08:25:53,760 - org.eclipse.mylyn.wikitext.core - 2.1.0.v20140513-1929
2017-03-06 08:25:53,760 - org.eclipse.mylyn.wikitext.core.ant - 2.1.0.v20140604-1911
2017-03-06 08:25:53,765 - org.eclipse.mylyn.wikitext.core.osgi - 2.1.0.v20140604-1911
2017-03-06 08:25:53,765 - org.eclipse.mylyn.wikitext.textile.core - 2.1.0.v20140325-2210
2017-03-06 08:25:53,766 - org.eclipse.mylyn.wikitext.html.core - 2.1.0.v20140325-2210
2017-03-06 08:25:53,766 - org.eclipse.mylyn.wikitext.markdown.core - 2.1.0.v20140325-2210
2017-03-06 08:25:53,766 - org.eclipse.mylyn.wikitext.mediawiki.core - 2.1.0.v20140513-1949
2017-03-06 08:25:53,766 - org.eclipse.mylyn.wikitext.confluence.core - 2.1.0.v20140325-2210
2017-03-06 08:25:53,766 - org.eclipse.mylyn.wikitext.tracwiki.core - 2.1.0.v20140325-2210
2017-03-06 08:25:53,767 - org.eclipse.mylyn.wikitext.twiki.core - 2.1.0.v20140325-2210
2017-03-06 08:25:53,767 - org.eclipse.mylyn.wikitext.ui - 2.1.0.v20140325-2210
2017-03-06 08:25:53,767 - org.eclipse.mylyn.wikitext.help.ui - 2.1.0.v20140325-2210
2017-03-06 08:25:53,767 - org.eclipse.mylyn.wikitext.textile.ui - 2.1.0.v20140325-2210
2017-03-06 08:25:53,767 - org.eclipse.mylyn.wikitext.markdown.ui - 2.1.0.v20140325-2210
2017-03-06 08:25:53,768 - org.eclipse.mylyn.wikitext.mediawiki.ui - 2.1.0.v20140325-2210
2017-03-06 08:25:53,768 - org.eclipse.mylyn.wikitext.confluence.ui - 2.1.0.v20140325-2210
2017-03-06 08:25:53,768 - org.eclipse.mylyn.wikitext.tracwiki.ui - 2.1.0.v20140325-2210
2017-03-06 08:25:53,768 - org.eclipse.mylyn.wikitext.twiki.ui - 2.1.0.v20140325-2210
2017-03-06 08:25:53,768 - org.eclipse.mylyn.wikitext.tasks.ui - 2.1.0.v20140325-2210
2017-03-06 08:25:53,769 - org.eclipse.mylyn.wikitext.context.ui - 2.1.0.v20140325-2210
2017-03-06 08:25:53,775 - org.eclipse.jpt.jaxb.core - 1.4.0.v201310142259
2017-03-06 08:25:53,775 - org.eclipse.jpt.jaxb.core.schemagen - 1.1.100.v201310142259
2017-03-06 08:25:53,780 - org.eclipse.jpt.jaxb.ui - 1.5.0.v201310142259
2017-03-06 08:25:53,781 - org.eclipse.jpt.jaxb.branding - 1.4.0.v201310142259
2017-03-06 08:25:53,781 - org.eclipse.emf.mapping.ecore.editor - 2.6.0.v20140519-0339
2017-03-06 08:25:53,782 - org.eclipse.emf.mapping.ecore2ecore.editor - 2.7.0.v20140519-0339
2017-03-06 08:25:53,783 - org.eclipse.emf.mapping.ecore2xml.ui - 2.7.0.v20140519-0339
2017-03-06 08:25:53,784 - org.eclipse.datatools.enablement.finfo - 1.5.1.v200906161800
2017-03-06 08:25:53,784 - org.eclipse.datatools.sqltools.db.derby.ui - 1.0.0.v200906020900
2017-03-06 08:25:53,784 - org.eclipse.datatools.sqltools.db.generic.ui - 1.0.0.v200906020900
2017-03-06 08:25:53,785 - org.eclipse.datatools.enablement.jdt.classpath - 1.0.1.v201107221501
2017-03-06 08:25:53,786 - org.eclipse.mylyn.discovery.core - 3.12.0.v20140331-0927
2017-03-06 08:25:53,786 - org.eclipse.mylyn.discovery.ui - 3.12.0.v20140512-2018
2017-03-06 08:25:53,788 - org.jboss.tools.common.jdt.debug - 3.6.0.Beta3-v20140718-0436-B48
2017-03-06 08:25:53,788 - org.jboss.tools.common.jdt.debug.ui - 3.6.0.Beta3-v20140718-0436-B48
2017-03-06 08:25:53,789 - org.jboss.tools.common.jdt - 3.6.0.Beta3-v20140718-0436-B48
2017-03-06 08:25:53,789 - org.jboss.tools.common.jdt.ui - 3.6.0.Beta3-v20140718-0436-B48
2017-03-06 08:25:53,790 - org.eclipse.datatools.enablement.mysql.dbdefinition - 1.0.4.v201109022331
2017-03-06 08:25:53,790 - org.eclipse.datatools.enablement.mysql - 1.0.4.v201212120617
2017-03-06 08:25:53,790 - org.eclipse.datatools.enablement.mysql.ui - 1.0.0.v201109022331
2017-03-06 08:25:53,790 - org.eclipse.datatools.enablement.finfo - 1.5.1.v200906161800
2017-03-06 08:25:53,800 - org.eclipse.datatools.enablement.msft.sqlserver.dbdefinition - 1.0.1.v201201240505
2017-03-06 08:25:53,800 - org.eclipse.datatools.enablement.msft.sqlserver - 1.0.3.v201308161009
2017-03-06 08:25:53,800 - org.eclipse.datatools.enablement.msft.sqlserver.ui - 1.0.4.v201308031011
2017-03-06 08:25:53,800 - org.eclipse.datatools.enablement.finfo - 1.5.1.v200906161800
2017-03-06 08:25:53,801 - org.eclipse.team.svn.resource.ignore.rules.jdt.sources - 2.0.0.I20140609-1700
2017-03-06 08:25:53,802 - org.eclipse.m2e.wtp.jpa - 1.1.0.e43-20140611-1648
2017-03-06 08:25:53,803 - org.eclipse.team.svn.mylyn.sources - 2.0.0.I20140609-1700
2017-03-06 08:25:53,804 - org.eclipse.jst.ws.jaxws.core - 1.0.400.v201404292132
2017-03-06 08:25:53,804 - org.eclipse.jst.ws.jaxws.ui - 1.0.400.v201310132202
2017-03-06 08:25:53,804 - javax.xml.ws - 2.1.0.v200902101523
2017-03-06 08:25:53,805 - javax.jws - 2.0.0.v201005080400
2017-03-06 08:25:53,805 - org.eclipse.jst.ws.annotations.core - 1.2.200.v201311102036
2017-03-06 08:25:53,805 - javax.xml.bind - 2.1.9.v201005080401
2017-03-06 08:25:53,805 - javax.xml.stream - 1.0.1.v201004272200
2017-03-06 08:25:53,806 - org.eclipse.jst.ws.jaxb.core - 1.0.200.v201309232315
2017-03-06 08:25:53,806 - javax.wsdl - 1.6.2.v201012040545
2017-03-06 08:25:53,806 - org.jdom - 1.1.1.v201101151400
2017-03-06 08:25:53,807 - org.eclipse.datatools.connectivity.doc.user.contexts - 1.7.0.20090521092446
2017-03-06 08:25:53,807 - org.eclipse.datatools.connectivity.doc.user - 1.7.0.20090521092446
2017-03-06 08:25:53,812 - org.eclipse.mylyn.tasks.bugs - 3.12.0.v20140401-2350
2017-03-06 08:25:53,812 - org.eclipse.mylyn.help.ui - 3.12.0.v20140523-2010
2017-03-06 08:25:53,814 - edu.umd.cs.findbugs.plugin.eclipse - 3.0.0.20140706-2cfb468
2017-03-06 08:25:53,815 - org.eclipse.emf.edit - 2.10.0.v20140519-0339
2017-03-06 08:25:53,822 - org.eclipse.mylyn.commons.core - 3.12.0.v20140405-2305
2017-03-06 08:25:53,822 - org.eclipse.mylyn.commons.screenshots - 3.12.0.v20140331-0927
2017-03-06 08:25:53,822 - org.eclipse.mylyn.commons.ui - 3.12.0.v20140402-2209
2017-03-06 08:25:53,823 - org.eclipse.mylyn.commons.workbench - 3.12.0.v20140411-2206
2017-03-06 08:25:53,824 - org.eclipse.mylyn.team.cvs - 3.12.0.v20140328-2338
2017-03-06 08:25:53,824 - org.eclipse.mylyn.bugzilla.ide - 3.12.0.v20140328-2338
2017-03-06 08:25:53,824 - org.eclipse.mylyn.ide.ui - 3.12.0.v20140328-2338
2017-03-06 08:25:53,825 - org.eclipse.emf.databinding.edit - 1.3.0.v20140519-0339
2017-03-06 08:25:53,826 - org.eclipse.emf.codegen.ecore - 2.10.0.v20140519-0339
2017-03-06 08:25:53,826 - org.eclipse.emf.ant - 2.8.0.v20140519-0339
2017-03-06 08:25:53,827 - org.eclipse.m2e.archetype.common - 1.5.0.20140605-2032
2017-03-06 08:25:53,828 - org.eclipse.m2e.maven.indexer - 1.5.0.20140605-2032
2017-03-06 08:25:53,828 - org.eclipse.m2e.model.edit - 1.5.0.20140606-0033
2017-03-06 08:25:53,828 - org.eclipse.m2e.core - 1.5.0.20140606-0033
2017-03-06 08:25:53,828 - org.eclipse.m2e.launching - 1.5.0.20140606-0033
2017-03-06 08:25:53,828 - org.eclipse.m2e.jdt - 1.5.0.20140606-0033
2017-03-06 08:25:53,828 - org.eclipse.m2e.editor - 1.5.0.20140606-0033
2017-03-06 08:25:53,829 - org.eclipse.m2e.editor.xml - 1.5.0.20140606-0033
2017-03-06 08:25:53,829 - org.eclipse.m2e.maven.runtime - 1.5.0.20140605-2032
2017-03-06 08:25:53,829 - org.eclipse.m2e.maven.runtime.slf4j.simple - 1.5.0.20140605-2032
2017-03-06 08:25:53,829 - org.eclipse.m2e.refactoring - 1.5.0.20140606-0033
2017-03-06 08:25:53,829 - org.eclipse.m2e.lifecyclemapping.defaults - 1.5.0.20140606-0033
2017-03-06 08:25:53,830 - org.eclipse.m2e.discovery - 1.5.0.20140606-0033
2017-03-06 08:25:53,830 - org.eclipse.m2e.core.ui - 1.5.0.20140606-0033
2017-03-06 08:25:53,830 - org.eclipse.m2e.scm - 1.5.0.20140606-0033
2017-03-06 08:25:53,830 - org.eclipse.m2e.jdt.ui - 1.5.0.20140606-0033
2017-03-06 08:25:53,830 - org.eclipse.m2e.profiles.core - 1.5.0.20140606-0033
2017-03-06 08:25:53,831 - org.eclipse.m2e.profiles.ui - 1.5.0.20140606-0033
2017-03-06 08:25:53,832 - org.jboss.tools.maven.jbosspackaging - 1.6.0.Beta3-v20140718-1719-B77
2017-03-06 08:25:53,832 - org.eclipse.datatools.connectivity.oda.consumer - 3.2.6.v201403131814
2017-03-06 08:25:53,835 - org.eclipse.datatools.connectivity.oda.design - 3.3.6.v201403131814
2017-03-06 08:25:53,836 - org.eclipse.datatools.connectivity.oda.profile - 3.2.9.v201403131814
2017-03-06 08:25:53,836 - org.eclipse.datatools.connectivity.oda - 3.4.3.v201405301249
2017-03-06 08:25:53,836 - org.eclipse.datatools.connectivity - 1.2.11.v201401230755
2017-03-06 08:25:53,840 - org.eclipse.team.svn - 2.0.0.I20140609-1700
2017-03-06 08:25:53,840 - org.eclipse.team.svn.core - 2.0.0.I20140609-1700
2017-03-06 08:25:53,841 - org.eclipse.team.svn.ui - 2.0.0.I20140609-1700
2017-03-06 08:25:53,841 - org.eclipse.team.svn.ui.startup - 2.0.0.I20140609-1700
2017-03-06 08:25:53,841 - org.eclipse.team.svn.help - 2.0.0.I20140609-1700
2017-03-06 08:25:53,842 - org.eclipse.mylyn.team.ui - 3.12.0.v20140507-1810
2017-03-06 08:25:53,843 - org.eclipse.emf.common.ui - 2.9.0.v20140519-0339
2017-03-06 08:25:53,844 - org.eclipse.emf.mapping.ui - 2.6.0.v20140519-0339
2017-03-06 08:25:53,844 - org.jboss.tools.maven.hibernate - 1.6.0.Beta3-v20140718-1719-B77
2017-03-06 08:25:53,869 - org.apache.commons.net - 3.2.0.v201305141515
2017-03-06 08:25:53,870 - org.eclipse.rse.connectorservice.telnet - 1.2.300.201403100950
2017-03-06 08:25:53,870 - org.eclipse.rse.services.telnet - 2.0.400.201403100950
2017-03-06 08:25:53,870 - org.eclipse.rse.subsystems.shells.telnet - 1.2.300.201403100950
2017-03-06 08:25:53,871 - org.eclipse.team.svn.revision.graph.sources - 2.0.0.I20140609-1700
2017-03-06 08:25:53,876 - org.jboss.ide.eclipse.archives.core - 3.5.0.Beta3-v20140718-1832-B70
2017-03-06 08:25:53,876 - org.jboss.ide.eclipse.archives.ui - 3.5.0.Beta3-v20140718-1832-B70
2017-03-06 08:25:53,876 - org.jboss.ide.eclipse.archives.jdt.integration - 3.5.0.Beta3-v20140718-1832-B70
2017-03-06 08:25:53,889 - org.jboss.tools.ws.wise.ui - 1.7.0.Beta3-v20140722-1916-B51
2017-03-06 08:25:53,889 - org.jboss.tools.ws.core - 1.7.0.Beta3-v20140722-1916-B51
2017-03-06 08:25:53,889 - org.jboss.tools.ws.creation.core - 1.7.0.Beta3-v20140722-1916-B51
2017-03-06 08:25:53,889 - org.jboss.tools.ws.creation.ui - 1.7.0.Beta3-v20140722-1916-B51
2017-03-06 08:25:53,889 - org.jboss.tools.ws.ui - 1.7.0.Beta3-v20140722-1916-B51
2017-03-06 08:25:53,891 - org.eclipse.datatools.connectivity.oda.template.ui - 3.2.5.v201403131814
2017-03-06 08:25:53,892 - org.eclipse.datatools.enablement.ibm - 1.0.0.v201401170830
2017-03-06 08:25:53,892 - org.eclipse.datatools.enablement.ibm.db2 - 1.0.0.v201401170830
2017-03-06 08:25:53,892 - org.eclipse.datatools.enablement.ibm.db2.iseries.dbdefinition - 1.0.3.v201107221502
2017-03-06 08:25:53,892 - org.eclipse.datatools.enablement.ibm.db2.iseries - 1.0.2.v201107221502
2017-03-06 08:25:53,893 - org.eclipse.datatools.enablement.ibm.db2.iseries.ui - 1.0.3.v201212120614
2017-03-06 08:25:53,893 - org.eclipse.datatools.enablement.ibm.db2.luw.dbdefinition - 1.0.7.v201405302027
2017-03-06 08:25:53,893 - org.eclipse.datatools.enablement.ibm.db2.luw - 1.0.3.v201401170830
2017-03-06 08:25:53,893 - org.eclipse.datatools.enablement.ibm.db2.luw.ui - 1.0.6.v201402010752
2017-03-06 08:25:53,893 - org.eclipse.datatools.enablement.ibm.db2.zseries.dbdefinition - 1.0.4.v201107221502
2017-03-06 08:25:53,893 - org.eclipse.datatools.enablement.ibm.db2.zseries - 1.0.2.v201107221502
2017-03-06 08:25:53,894 - org.eclipse.datatools.enablement.ibm.db2.zseries.ui - 1.0.2.v201202100836
2017-03-06 08:25:53,894 - org.eclipse.datatools.enablement.ibm.informix.dbdefinition - 1.0.4.v201107221502
2017-03-06 08:25:53,894 - org.eclipse.datatools.enablement.ibm.informix - 1.0.1.v201107221502
2017-03-06 08:25:53,894 - org.eclipse.datatools.enablement.ibm.informix.ui - 1.0.3.v201202100836
2017-03-06 08:25:53,894 - org.eclipse.datatools.enablement.ibm.ui - 1.0.0.v201107221502
2017-03-06 08:25:53,895 - org.jboss.tools.community.project.examples - 2.0.0.Beta3-v20140718-1719-B77
2017-03-06 08:25:53,896 - org.jboss.tools.maven.apt.core - 1.1.0.201405210909
2017-03-06 08:25:53,896 - org.jboss.tools.maven.apt.ui - 1.1.0.201405210909
2017-03-06 08:25:53,897 - org.eclipse.rse.core - 3.3.100.201406091451
2017-03-06 08:25:53,898 - org.eclipse.rse.doc.user - 3.4.100.201403101646
2017-03-06 08:25:53,898 - org.eclipse.rse.efs - 2.1.401.201403100950
2017-03-06 08:25:53,898 - org.eclipse.rse.efs.ui - 2.1.400.201403100950
2017-03-06 08:25:53,898 - org.eclipse.rse.importexport - 1.2.300.201403100950
2017-03-06 08:25:53,899 - org.eclipse.rse.files.ui - 3.2.200.201403211850
2017-03-06 08:25:53,899 - org.eclipse.rse.processes.ui - 3.0.400.201403100950
2017-03-06 08:25:53,899 - org.eclipse.rse.services - 3.3.0.201403100950
2017-03-06 08:25:53,899 - org.eclipse.rse.shells.ui - 3.0.500.201403271554
2017-03-06 08:25:53,900 - org.eclipse.rse.subsystems.files.core - 3.3.1.201403100950
2017-03-06 08:25:53,900 - org.eclipse.rse.subsystems.processes.core - 3.1.300.201403100950
2017-03-06 08:25:53,900 - org.eclipse.rse.subsystems.processes.shell.linux - 1.1.400.201403100950
2017-03-06 08:25:53,900 - org.eclipse.rse.subsystems.shells.core - 3.1.300.201403271554
2017-03-06 08:25:53,901 - org.eclipse.rse.ui - 3.3.100.201404091417
2017-03-06 08:25:53,902 - org.eclipse.tm.terminal.view - 2.4.100.201405280638
2017-03-06 08:25:53,903 - org.eclipse.jpt.common.eclipselink.core - 1.3.100.v201310142259
2017-03-06 08:25:53,903 - org.eclipse.jpt.common.eclipselink.branding - 1.3.100.v201310142259
2017-03-06 08:25:53,905 - org.jboss.tools.maven.core - 1.6.0.Beta3-v20140718-1719-B77
2017-03-06 08:25:53,908 - org.jboss.tools.maven.ui - 1.6.0.Beta3-v20140718-1719-B77
2017-03-06 08:25:53,909 - org.jboss.tools.maven.conversion.ui - 1.6.0.Beta3-v20140718-1719-B77
2017-03-06 08:25:53,910 - org.eclipse.tm.terminal - 3.2.300.201406060905
2017-03-06 08:25:53,911 - org.eclipse.datatools.connectivity.sqm.core.ui - 1.2.3.v201212070447
2017-03-06 08:25:53,911 - org.eclipse.datatools.connectivity.sqm.core - 1.2.8.v201401230755
2017-03-06 08:25:53,911 - org.eclipse.datatools.connectivity.sqm.server.ui - 1.1.101.v201212070447
2017-03-06 08:25:53,911 - org.eclipse.datatools.connectivity.ui.dse - 1.1.5.v201212070447
2017-03-06 08:25:53,911 - org.eclipse.datatools.connectivity.ui - 1.2.4.v201212070447
2017-03-06 08:25:53,911 - org.eclipse.datatools.connectivity - 1.2.11.v201401230755
2017-03-06 08:25:53,911 - org.eclipse.datatools.help - 1.5.0.v200906020553
2017-03-06 08:25:53,912 - org.eclipse.datatools.connectivity.console.profile - 1.0.10.v201109250955
2017-03-06 08:25:53,912 - org.jboss.tools.maven.jdt - 1.6.0.Beta3-v20140718-1719-B77
2017-03-06 08:25:53,915 - org.eclipse.wst.jsdt.core - 1.3.100.v201404111521
2017-03-06 08:25:53,915 - org.eclipse.wst.jsdt.manipulation - 1.0.500.v201402131232
2017-03-06 08:25:53,916 - org.eclipse.wst.jsdt.ui - 1.1.500.v201402182334
2017-03-06 08:25:53,916 - org.eclipse.wst.jsdt.support.firefox - 1.0.500.v201402131232
2017-03-06 08:25:53,917 - org.eclipse.wst.jsdt.support.ie - 1.0.500.v201402131232
2017-03-06 08:25:53,918 - org.eclipse.wst.jsdt.doc - 1.4.100.v201401151800
2017-03-06 08:25:53,918 - org.eclipse.wst.jsdt.debug.core - 3.1.100.v201405221454
2017-03-06 08:25:53,918 - org.eclipse.wst.jsdt.debug.transport - 1.0.200.v201402131232
2017-03-06 08:25:53,918 - org.eclipse.wst.jsdt.debug.crossfire - 1.0.400.v201402131232
2017-03-06 08:25:53,918 - org.eclipse.wst.jsdt.debug.rhino - 1.0.300.v201402131232
2017-03-06 08:25:53,919 - org.eclipse.wst.jsdt.debug.rhino.debugger - 1.0.400.v201402131232
2017-03-06 08:25:53,920 - org.eclipse.wst.jsdt.debug.ui - 1.0.400.v201402131232
2017-03-06 08:25:53,921 - org.mozilla.javascript - 1.7.2.v201005080400
2017-03-06 08:25:53,930 - org.jboss.tools.maven.project.examples - 2.0.0.Beta3-v20140718-1719-B77
2017-03-06 08:25:53,934 - org.eclipse.wst.jsdt.web.core - 1.0.700.v201307162035
2017-03-06 08:25:53,934 - org.eclipse.wst.jsdt.web.ui - 1.0.800.v201403281809
2017-03-06 08:25:53,934 - org.eclipse.wst.html.ui.infopop - 1.0.200.v201004150328
2017-03-06 08:25:53,934 - org.eclipse.wst.web.ui.infopop - 1.0.300.v200805140415
2017-03-06 08:25:53,934 - org.eclipse.wst.css.ui - 1.0.900.v201401131445
2017-03-06 08:25:53,935 - org.eclipse.wst.html.ui - 1.0.900.v201403122151
2017-03-06 08:25:53,939 - org.eclipse.wst.web.ui - 1.1.600.v201109220400
2017-03-06 08:25:53,948 - org.eclipse.datatools.common.doc.user - 1.7.0.20090521092446
2017-03-06 08:25:53,951 - org.eclipse.tm.terminal.telnet - 2.1.300.201405280638
2017-03-06 08:25:53,952 - org.eclipse.rse - 3.5.0.201403100950
2017-03-06 08:25:53,954 - org.eclipse.rse.services.local - 2.2.0.201403251512
2017-03-06 08:25:53,954 - org.eclipse.rse.subsystems.files.local - 2.1.300.201403251512
2017-03-06 08:25:53,955 - org.eclipse.rse.subsystems.processes.local - 2.1.400.201403100950
2017-03-06 08:25:53,955 - org.eclipse.rse.subsystems.shells.local - 2.1.400.201403100950
2017-03-06 08:25:53,955 - org.eclipse.rse.connectorservice.local - 2.1.400.201403100950
2017-03-06 08:25:53,958 - org.eclipse.datatools.enablement.hsqldb - 1.0.0.v201107221502
2017-03-06 08:25:53,958 - org.eclipse.datatools.enablement.hsqldb.dbdefinition - 1.0.0.v201107221502
2017-03-06 08:25:53,958 - org.eclipse.datatools.enablement.hsqldb.ui - 1.0.0.v201108120600
2017-03-06 08:25:53,958 - org.eclipse.datatools.enablement.finfo - 1.5.1.v200906161800
2017-03-06 08:25:53,968 - org.eclipse.datatools.sqltools.doc.user - 1.7.0.20090521092446
2017-03-06 08:25:53,969 - org.eclipse.datatools.sqltools.doc.user.contexts - 1.7.0.20090521092446
2017-03-06 08:25:53,971 - org.eclipse.m2e.wtp - 1.1.0.20140611-1646
2017-03-06 08:25:53,971 - org.eclipse.m2e.wtp.overlay - 1.1.0.20140611-1646
2017-03-06 08:25:53,971 - org.eclipse.m2e.wtp.overlay.ui - 1.1.0.20140611-1646
2017-03-06 08:25:53,976 - org.eclipse.jpt.common.utility - 2.3.0.v201311210251
2017-03-06 08:25:53,977 - org.eclipse.jpt.common.core - 1.4.0.v201310142259
2017-03-06 08:25:53,977 - org.eclipse.jpt.common.ui - 1.4.0.v201310142259
2017-03-06 08:25:53,977 - org.eclipse.jpt.common.branding - 1.4.0.v201310142259
2017-03-06 08:25:53,979 - org.jboss.tools.project.examples - 2.0.0.Beta3-v20140718-1719-B77
2017-03-06 08:25:53,979 - org.jboss.tools.project.examples.cheatsheet - 2.0.0.Beta3-v20140718-1719-B77
2017-03-06 08:25:53,981 - org.eclipse.emf.edit.ui - 2.10.0.v20140519-0339
2017-03-06 08:25:53,984 - org.eclipse.help - 3.6.0.v20130326-1254
2017-03-06 08:25:53,984 - org.eclipse.ui - 3.106.0.v20140519-0906
2017-03-06 08:25:53,984 - org.eclipse.ui.workbench - 3.106.0.v20140530-0732
2017-03-06 08:25:53,984 - org.eclipse.update.configurator - 3.3.300.v20140518-1928
2017-03-06 08:25:53,985 - org.eclipse.rcp - 4.3.100.v20140606-1215
2017-03-06 08:25:53,987 - org.eclipse.cvs - 1.4.100.v20140606-1215
2017-03-06 08:25:53,987 - org.eclipse.team.cvs.core - 3.3.600.v20131112-1442
2017-03-06 08:25:53,987 - org.eclipse.team.cvs.ssh2 - 3.2.400.v20131112-1442
2017-03-06 08:25:53,988 - org.eclipse.team.cvs.ui - 3.3.600.v20130514-1224
2017-03-06 08:25:53,990 - org.jboss.tools.seam.core - 3.6.0.Beta3-v20140718-1717-B49
2017-03-06 08:25:53,990 - org.jboss.tools.seam.ui - 3.6.0.Beta3-v20140718-1717-B49
2017-03-06 08:25:53,990 - org.jboss.tools.seam.xml - 3.6.0.Beta3-v20140718-1717-B49
2017-03-06 08:25:53,990 - org.jboss.tools.seam.xml.ui - 3.6.0.Beta3-v20140718-1717-B49
2017-03-06 08:25:53,990 - org.jboss.tools.seam.text.ext - 3.6.0.Beta3-v20140718-1717-B49
2017-03-06 08:25:53,991 - org.jboss.tools.seam.pages.xml - 3.6.0.Beta3-v20140718-1717-B49
2017-03-06 08:25:53,991 - org.jboss.tools.seam.ui.pages - 3.6.0.Beta3-v20140718-1717-B49
2017-03-06 08:25:53,992 - org.eclipse.persistence.moxy - 2.6.0.v20130815-a4708b6
2017-03-06 08:25:53,993 - org.eclipse.jpt.jaxb.eclipselink.core - 1.3.100.v201310142259
2017-03-06 08:25:53,993 - org.eclipse.jpt.jaxb.eclipselink.ui - 1.4.100.v201310142259
2017-03-06 08:25:53,993 - org.eclipse.jpt.jaxb.eclipselink.core.schemagen - 1.2.100.v201310142259
2017-03-06 08:25:53,995 - org.eclipse.jpt.jaxb.eclipselink.branding - 1.4.100.v201310142259
2017-03-06 08:25:53,999 - org.eclipse.team.svn.nl1 - 2.0.0.I20140609-1700
2017-03-06 08:25:53,999 - org.eclipse.team.svn.core.nl1 - 2.0.0.I20140609-1700
2017-03-06 08:25:53,999 - org.eclipse.team.svn.ui.nl1 - 2.0.0.I20140609-1700
2017-03-06 08:25:54,002 - org.jboss.ide.eclipse.archives.webtools - 3.0.0.Beta3-v20140718-1832-B70
2017-03-06 08:25:54,005 - org.eclipse.datatools.connectivity.apache.derby.dbdefinition - 1.0.2.v201107221459
2017-03-06 08:25:54,006 - org.eclipse.datatools.connectivity.apache.derby.ui - 1.0.3.v201107221459
2017-03-06 08:25:54,006 - org.eclipse.datatools.connectivity.apache.derby - 1.0.103.v201212070447
2017-03-06 08:25:54,006 - org.eclipse.datatools.modelbase.derby - 1.0.0.v201107221519
2017-03-06 08:25:54,006 - org.eclipse.datatools.sqltools.db.derby - 1.0.0.v201107221520
2017-03-06 08:25:54,009 - org.jboss.tools.maven.cdi - 1.6.0.Beta3-v20140718-1719-B77
2017-03-06 08:25:54,010 - org.eclipse.jdt - 3.10.0.v20140606-1215
2017-03-06 08:25:54,010 - org.eclipse.ant.ui - 3.5.500.v20140521-1557
2017-03-06 08:25:54,011 - org.eclipse.jdt.apt.core - 3.3.600.v20140311-1758
2017-03-06 08:25:54,011 - org.eclipse.jdt.apt.ui - 3.3.400.v20140311-1758
2017-03-06 08:25:54,011 - org.eclipse.jdt.apt.pluggable.core - 1.0.400.v20131113-0353
2017-03-06 08:25:54,011 - org.eclipse.jdt.compiler.apt - 1.1.0.v20140509-1235
2017-03-06 08:25:54,011 - org.eclipse.jdt.compiler.tool - 1.0.300.v20140311-1758
2017-03-06 08:25:54,012 - org.eclipse.jdt.core - 3.10.0.v20140604-1726
2017-03-06 08:25:54,012 - org.eclipse.jdt.annotation - 2.0.0.v20140415-1436
2017-03-06 08:25:54,012 - org.eclipse.jdt.annotation - 2.0.0.v20140415-1436
2017-03-06 08:25:54,012 - org.eclipse.jdt.core.manipulation - 1.5.0.v20130605-1748
2017-03-06 08:25:54,013 - org.eclipse.jdt.debug.ui - 3.6.300.v20140512-1926
2017-03-06 08:25:54,014 - org.eclipse.jdt.debug - 3.8.100.v20140522-1618
2017-03-06 08:25:54,015 - org.eclipse.jdt.junit - 3.7.300.v20140418-0836
2017-03-06 08:25:54,015 - org.eclipse.jdt.junit.core - 3.7.300.v20140409-1618
2017-03-06 08:25:54,015 - org.eclipse.jdt.junit.runtime - 3.4.500.v20140527-1138
2017-03-06 08:25:54,015 - org.eclipse.jdt.junit4.runtime - 1.1.400.v20140314-0036
2017-03-06 08:25:54,016 - org.eclipse.jdt.launching - 3.7.100.v20140428-1912
2017-03-06 08:25:54,017 - org.eclipse.jdt.ui - 3.10.0.v20140604-1403
2017-03-06 08:25:54,017 - org.junit - 4.11.0.v201303080030
2017-03-06 08:25:54,018 - org.hamcrest.core - 1.3.0.v201303031735
2017-03-06 08:25:54,018 - org.eclipse.jdt.doc.user - 3.10.0.v20140606-1536
2017-03-06 08:25:54,018 - org.eclipse.ant.launching - 1.0.400.v20140518-0030
2017-03-06 08:25:54,019 - org.eclipse.emf.common - 2.10.0.v20140514-1158
2017-03-06 08:25:54,020 - org.eclipse.egit.mylyn.ui - 3.4.0.201406110918-r
2017-03-06 08:25:54,022 - org.eclipse.datatools.enablement.sybase.asa.models - 1.0.0.v201107221507
2017-03-06 08:25:54,022 - org.eclipse.datatools.enablement.sybase.ase.models - 1.0.1.v201010140307
2017-03-06 08:25:54,022 - org.eclipse.datatools.enablement.sybase.asa - 1.0.2.v201212120618
2017-03-06 08:25:54,022 - org.eclipse.datatools.enablement.sybase.ase - 1.0.3.v201212120618
2017-03-06 08:25:54,022 - org.eclipse.datatools.enablement.sybase.ase.dbdefinition - 1.0.0.v201107221507
2017-03-06 08:25:54,023 - org.eclipse.datatools.enablement.sybase.asa.dbdefinition - 1.0.0.v200906161800
2017-03-06 08:25:54,023 - org.eclipse.datatools.enablement.sybase.asa.ui - 1.0.1.v200906111204
2017-03-06 08:25:54,023 - org.eclipse.datatools.enablement.sybase.ase.ui - 1.0.1.v200906020900
2017-03-06 08:25:54,023 - org.eclipse.datatools.enablement.sybase - 1.0.1.v201107221507
2017-03-06 08:25:54,023 - org.eclipse.datatools.enablement.sybase.models - 1.0.0.v201010140307
2017-03-06 08:25:54,023 - org.eclipse.datatools.enablement.sybase.ui - 1.0.0.v200906090452
2017-03-06 08:25:54,024 - org.eclipse.datatools.enablement.sybase.asa.schemaobjecteditor.examples - 2.5.0.200810071
2017-03-06 08:25:54,025 - org.jdom - 1.1.1.v201101151400
2017-03-06 08:25:54,026 - org.eclipse.jst.ws.cxf.consumption.core - 1.0.300.v201309232315
2017-03-06 08:25:54,026 - org.eclipse.jst.ws.cxf.consumption.ui - 1.0.300.v201309232315
2017-03-06 08:25:54,026 - org.eclipse.jst.ws.cxf.core - 1.1.200.v201404292132
2017-03-06 08:25:54,026 - org.eclipse.jst.ws.cxf.creation.core - 1.0.400.v201404292132
2017-03-06 08:25:54,028 - org.eclipse.jst.ws.cxf.creation.ui - 1.0.300.v201403242145
2017-03-06 08:25:54,029 - org.eclipse.jst.ws.cxf.ui - 1.0.300.v201309232315
2017-03-06 08:25:54,029 - javax.wsdl - 1.6.2.v201012040545
2017-03-06 08:25:54,029 - javax.jws - 2.0.0.v201005080400
2017-03-06 08:25:54,029 - javax.xml.bind - 2.1.9.v201005080401
2017-03-06 08:25:54,029 - javax.xml.stream - 1.0.1.v201004272200
2017-03-06 08:25:54,029 - javax.xml.ws - 2.1.0.v200902101523
2017-03-06 08:25:54,030 - org.eclipse.datatools.sqltools.common.ui - 1.0.1.v201212120623
2017-03-06 08:25:54,030 - org.eclipse.datatools.sqltools.debugger.core - 1.0.1.v201107221520
2017-03-06 08:25:54,031 - org.eclipse.datatools.sqltools.editor.core - 1.0.3.v201212120623
2017-03-06 08:25:54,031 - org.eclipse.datatools.sqltools.plan - 1.0.0.v201107221520
2017-03-06 08:25:54,031 - org.eclipse.datatools.sqltools.routineeditor - 1.0.0.v201107221520
2017-03-06 08:25:54,031 - org.eclipse.datatools.sqltools.sql - 1.0.1.v201110050515
2017-03-06 08:25:54,031 - org.eclipse.datatools.sqltools.sqleditor - 1.0.4.v201212120623
2017-03-06 08:25:54,032 - org.eclipse.datatools.sqltools.sqlscrapbook - 1.0.2.v201205310922
2017-03-06 08:25:54,032 - org.eclipse.datatools.help - 1.5.0.v200906020553
2017-03-06 08:25:54,032 - org.eclipse.datatools.sqltools.db.generic - 1.0.0.v201107221520
2017-03-06 08:25:54,032 - org.eclipse.datatools.sqltools.debugger.core.ui - 1.0.0.v201003161000
2017-03-06 08:25:54,032 - org.eclipse.datatools.sqltools.editor.core.ui - 1.0.0.v201001150815
2017-03-06 08:25:54,032 - org.eclipse.datatools.sqltools.result.ui - 1.1.3.v201302061703
2017-03-06 08:25:54,033 - org.eclipse.datatools.sqltools.routineeditor.ui - 1.0.3.v201211200616
2017-03-06 08:25:54,033 - org.eclipse.datatools.sqltools.sql.ui - 1.0.1.v201201270735
2017-03-06 08:25:54,034 - org.jboss.tools.maven.sourcelookup.core - 1.6.0.Beta3-v20140718-1719-B77
2017-03-06 08:25:54,034 - org.jboss.tools.maven.sourcelookup.ui - 1.6.0.Beta3-v20140718-1719-B77
2017-03-06 08:25:54,035 - org.eclipse.datatools.modelbase.dbdefinition - 1.0.2.v201107221519
2017-03-06 08:25:54,036 - org.eclipse.datatools.modelbase.sql.edit - 1.0.2.v201208230744
2017-03-06 08:25:54,036 - org.eclipse.datatools.modelbase.sql.query - 1.1.4.v201212120619
2017-03-06 08:25:54,037 - org.eclipse.datatools.modelbase.sql.query.edit - 1.0.1.v201110151245
2017-03-06 08:25:54,037 - org.eclipse.datatools.modelbase.sql.xml.query - 1.0.2.v201201131123
2017-03-06 08:25:54,037 - org.eclipse.datatools.modelbase.sql - 1.0.6.v201208230744
2017-03-06 08:25:54,038 - org.sonatype.m2e.egit - 0.14.0.201406241643
2017-03-06 08:25:54,039 - org.jboss.tools.forge.ui - 1.3.0.Beta3-v20140722-1702-B49
2017-03-06 08:25:54,040 - org.jboss.tools.forge.runtime - 1.4.144.Beta3-v20140722-1702-B49
2017-03-06 08:25:54,040 - org.jboss.tools.forge.core - 1.3.0.Beta3-v20140722-1702-B49
2017-03-06 08:25:54,040 - org.jboss.tools.forge.runtime.ext - 1.3.0.Beta3-v20140722-1702-B49
2017-03-06 08:25:54,040 - org.jboss.tools.forge.ui.wizards - 1.3.0.Beta3-v20140722-1702-B49
2017-03-06 08:25:54,041 - org.jboss.tools.forge.ui.notifications - 1.3.0.Beta3-v20140722-1702-B49
2017-03-06 08:25:54,041 - org.jboss.tools.aesh.core - 1.3.0.Beta3-v20140722-1702-B49
2017-03-06 08:25:54,041 - org.jboss.tools.aesh.runtime - 1.3.53.Beta3-v20140722-1702-B49
2017-03-06 08:25:54,041 - org.jboss.tools.aesh.ui - 1.3.0.Beta3-v20140722-1702-B49
2017-03-06 08:25:54,043 - org.jboss.tools.forge2.runtime - 2.0.1.Beta3-v20140722-1702-B49
2017-03-06 08:25:54,044 - org.eclipse.wst.xsl.core - 1.1.301.v20130423-0632
2017-03-06 08:25:54,045 - org.eclipse.wst.xsl.debug.ui - 1.0.302.v201304241031
2017-03-06 08:25:54,045 - org.eclipse.wst.xsl.launching - 1.1.0.v201304241031
2017-03-06 08:25:54,045 - org.eclipse.wst.xsl.xalan - 1.0.100.v201103081922
2017-03-06 08:25:54,045 - org.eclipse.wst.xsl.ui - 1.1.301.v20130423-0632
2017-03-06 08:25:54,045 - org.eclipse.wst.xml.xpath.ui - 1.1.101.v201204260040
2017-03-06 08:25:54,051 - org.apache.xalan - 2.7.1.v201005080400
2017-03-06 08:25:54,051 - org.apache.commons.logging - 1.1.1.v201101211721
2017-03-06 08:25:54,051 - org.eclipse.wst.xsl.doc - 1.0.100.v201004292007
2017-03-06 08:25:54,052 - org.eclipse.wst.xml.xpath.core - 1.3.0.v201108312136
2017-03-06 08:25:54,052 - org.apache.xml.serializer - 2.7.1.v201005080400
2017-03-06 08:25:54,052 - org.apache.bcel - 5.2.0.v201005080400
2017-03-06 08:25:54,052 - java_cup.runtime - 0.10.0.v201005080400
2017-03-06 08:25:54,052 - org.eclipse.wst.xsl.saxon - 1.0.200.v201103081922
2017-03-06 08:25:54,052 - org.eclipse.wst.xsl - 1.2.0.v201009121641
2017-03-06 08:25:54,053 - org.eclipse.wst.xsl.jaxp.debug - 1.0.300.v201304102231
2017-03-06 08:25:54,053 - org.eclipse.wst.xsl.jaxp.debug.ui - 1.0.200.v201103081922
2017-03-06 08:25:54,053 - org.eclipse.wst.xsl.jaxp.launching - 1.0.300.v201304102231
2017-03-06 08:25:54,053 - org.apache.log4j - 1.2.15.v201012070815
2017-03-06 08:25:54,053 - org.eclipse.wst.xsl.exslt.core - 1.0.0.v201005240426
2017-03-06 08:25:54,054 - org.eclipse.wst.xsl.exslt.ui - 1.0.0.v201006012005
2017-03-06 08:25:54,059 - org.eclipse.rse.services.ssh - 3.2.100.201403281521
2017-03-06 08:25:54,059 - org.eclipse.rse.connectorservice.ssh - 2.1.300.201403100950
2017-03-06 08:25:54,059 - org.eclipse.rse.subsystems.files.ssh - 2.1.300.201403100950
2017-03-06 08:25:54,059 - org.eclipse.rse.subsystems.shells.ssh - 2.1.400.201403100950
2017-03-06 08:25:54,060 - org.jboss.tools.maven.portlet - 1.6.0.Beta3-v20140718-1719-B77
2017-03-06 08:25:54,061 - org.eclipse.jst.ws - 1.0.700.v201310240024
2017-03-06 08:25:54,062 - org.eclipse.jst.j2ee.ui - 1.1.800.v201312231745
2017-03-06 08:25:54,062 - org.eclipse.jst.ws.axis.creation.ui - 1.0.800.v201310240024
2017-03-06 08:25:54,062 - org.eclipse.jst.ws.axis.consumption.ui - 1.0.750.v201311011547
2017-03-06 08:25:54,062 - org.eclipse.jst.j2ee.jca.ui - 1.1.500.v201304242200
2017-03-06 08:25:54,063 - org.eclipse.jst.j2ee.navigator.ui - 1.1.600.v201203142300
2017-03-06 08:25:54,063 - org.eclipse.jst.j2ee.webservice.ui - 1.1.500.v201105122000
2017-03-06 08:25:54,063 - org.eclipse.jst.ws.axis.consumption.core - 1.0.500.v201401152036
2017-03-06 08:25:54,064 - org.eclipse.jst.servlet.ui - 1.1.800.v201403061900
2017-03-06 08:25:54,064 - org.eclipse.jst.ws.ui - 1.0.450.v201310240024
2017-03-06 08:25:54,064 - org.eclipse.jst.ws.uddiregistry - 1.0.550.v201310240024
2017-03-06 08:25:54,064 - org.eclipse.jst.ws.creation.ui - 1.0.850.v201310310246
2017-03-06 08:25:54,065 - org.eclipse.jst.ws.consumption.ui - 1.1.750.v201401132315
2017-03-06 08:25:54,065 - org.eclipse.jst.ws.consumption - 1.0.750.v201310240024
2017-03-06 08:25:54,065 - org.eclipse.jst.j2ee.infopop - 1.0.300.v200805140415
2017-03-06 08:25:54,065 - org.eclipse.jst.jsp.ui.infopop - 1.0.200.v201004150328
2017-03-06 08:25:54,068 - org.eclipse.jst.servlet.ui.infopop - 1.0.500.v201105122000
2017-03-06 08:25:54,068 - org.eclipse.jst.ws.axis.infopop - 1.0.400.v201310240024
2017-03-06 08:25:54,068 - org.eclipse.jst.ws.consumption.infopop - 1.0.400.v201310240024
2017-03-06 08:25:54,068 - org.eclipse.jst.ws.infopop - 1.0.400.v201310240024
2017-03-06 08:25:54,068 - org.eclipse.jst.ws.creation.ejb.ui - 1.0.250.v201310240024
2017-03-06 08:25:54,069 - org.eclipse.jst.ejb.ui - 1.1.900.v201402130400
2017-03-06 08:25:54,069 - org.eclipse.jst.j2ee.ejb.annotations.ui - 1.1.200.v201004290730
2017-03-06 08:25:54,069 - org.eclipse.jst.j2ee.ejb.annotation.model - 1.1.300.v201003112036
2017-03-06 08:25:54,069 - org.eclipse.jst.j2ee.ejb.annotations.emitter - 1.1.200.v200909290826
2017-03-06 08:25:54,074 - org.eclipse.jst.j2ee.ejb.annotations.xdoclet - 1.2.200.v201103302125
2017-03-06 08:25:54,075 - org.eclipse.jst.j2ee.xdoclet.runtime - 1.1.300.v201004280700
2017-03-06 08:25:54,075 - org.eclipse.jst.jee.ui - 1.0.700.v201401151049
2017-03-06 08:25:54,075 - org.eclipse.jst.ejb.ui.infopop - 1.0.300.v2010022311013
2017-03-06 08:25:54,075 - org.eclipse.jst.ws.jaxrs.core - 1.0.550.v201310240024
2017-03-06 08:25:54,075 - org.eclipse.jst.ws.jaxrs.ui - 1.0.650.v201310240024
2017-03-06 08:25:54,077 - org.apache.xerces - 2.9.0.v201101211617
2017-03-06 08:25:54,077 - org.apache.xml.resolver - 1.2.0.v201005080400
2017-03-06 08:25:54,077 - org.apache.xml.serializer - 2.7.1.v201005080400
2017-03-06 08:25:54,077 - org.eclipse.datatools.enablement.oda.ws - 1.2.6.v201403131825
2017-03-06 08:25:54,077 - org.eclipse.datatools.enablement.oda.xml - 1.2.5.v201403131825
2017-03-06 08:25:54,077 - javax.xml - 1.3.4.v201005080400
2017-03-06 08:25:54,077 - javax.wsdl - 1.6.2.v201012040545
2017-03-06 08:25:54,077 - org.eclipse.datatools.connectivity.oda.flatfile - 3.1.8.v201403010906
2017-03-06 08:25:54,079 - org.eclipse.jst.ws.axis2.core - 1.0.300.v201310240024
2017-03-06 08:25:54,079 - org.eclipse.jst.ws.axis2.ui - 1.0.400.v201310240024
2017-03-06 08:25:54,079 - org.eclipse.jst.ws.axis2.consumption.core - 1.0.200.v201310240024
2017-03-06 08:25:54,079 - org.eclipse.jst.ws.axis2.consumption.ui - 1.0.200.v201310240024
2017-03-06 08:25:54,079 - org.eclipse.jst.ws.axis2.creation.core - 1.0.200.v201310240024
2017-03-06 08:25:54,079 - org.eclipse.jst.ws.axis2.creation.ui - 1.0.200.v201310240024
2017-03-06 08:25:54,080 - org.eclipse.jst.ws.axis2.ui.doc.user - 1.0.200.v201310240024
2017-03-06 08:25:54,083 - org.apache.ant - 1.9.2.v201404171502
2017-03-06 08:25:54,083 - org.eclipse.ant.core - 3.3.0.v20140518-0042
2017-03-06 08:25:54,083 - com.jcraft.jsch - 0.1.50.v201403120620
2017-03-06 08:25:54,083 - org.eclipse.compare.core - 3.5.400.v20130903-0736
2017-03-06 08:25:54,084 - org.eclipse.compare - 3.5.500.v20131106-1552
2017-03-06 08:25:54,084 - org.eclipse.core.filebuffers - 3.5.400.v20140127-1516
2017-03-06 08:25:54,084 - org.eclipse.core.filesystem - 1.4.100.v20140514-1614
2017-03-06 08:25:54,084 - org.eclipse.core.net - 1.2.200.v20140124-2013
2017-03-06 08:25:54,084 - org.eclipse.core.net.linux.x86_64 - 1.1.100.v20140124-2013
2017-03-06 08:25:54,084 - org.eclipse.core.resources - 3.9.0.v20140514-1307
2017-03-06 08:25:54,085 - org.eclipse.core.runtime.compatibility - 3.2.200.v20140128-0851
2017-03-06 08:25:54,085 - org.eclipse.core.runtime.compatibility.registry - 3.5.300.v20140128-0851
2017-03-06 08:25:54,085 - org.eclipse.osgi.util - 3.3.0.v20131023-1243
2017-03-06 08:25:54,085 - org.eclipse.debug.core - 3.9.0.v20140521-1435
2017-03-06 08:25:54,086 - org.eclipse.debug.ui - 3.10.0.v20140604-1637
2017-03-06 08:25:54,086 - org.eclipse.equinox.event - 1.3.100.v20140115-1647
2017-03-06 08:25:54,086 - org.eclipse.ltk.core.refactoring - 3.6.100.v20140520-1248
2017-03-06 08:25:54,086 - org.eclipse.ltk.ui.refactoring - 3.7.100.v20140324-1358
2017-03-06 08:25:54,086 - org.eclipse.platform - 4.4.0.v20140606-1215
2017-03-06 08:25:54,087 - org.eclipse.platform.doc.user - 4.4.0.v20140606-1558
2017-03-06 08:25:54,088 - org.eclipse.search - 3.9.100.v20140226-1637
2017-03-06 08:25:54,088 - org.eclipse.team.core - 3.7.0.v20130514-1224
2017-03-06 08:25:54,088 - org.eclipse.team.ui - 3.7.100.v20130710-1213
2017-03-06 08:25:54,089 - org.eclipse.text - 3.5.300.v20130515-1451
2017-03-06 08:25:54,089 - org.eclipse.jface.text - 3.9.0.v20140521-1657
2017-03-06 08:25:54,089 - org.eclipse.jsch.core - 1.1.500.v20131112-1442
2017-03-06 08:25:54,089 - org.eclipse.jsch.ui - 1.1.500.v20131112-1442
2017-03-06 08:25:54,089 - org.eclipse.ui.console - 3.5.300.v20140424-1437
2017-03-06 08:25:54,089 - org.eclipse.ui.intro - 3.4.200.v20130326-1254
2017-03-06 08:25:54,089 - org.eclipse.ui.intro.universal - 3.2.700.v20130904-1701
2017-03-06 08:25:54,090 - org.eclipse.ui.cheatsheets - 3.4.200.v20131227-1524
2017-03-06 08:25:54,090 - org.eclipse.ui.browser - 3.4.200.v20131003-1453
2017-03-06 08:25:54,090 - org.eclipse.ui.navigator - 3.5.400.v20140210-1835
2017-03-06 08:25:54,090 - org.eclipse.ui.navigator.resources - 3.4.700.v20140407-1004
2017-03-06 08:25:54,090 - org.eclipse.ui.net - 1.2.200.v20120807-0927
2017-03-06 08:25:54,091 - org.eclipse.ui.workbench.texteditor - 3.9.0.v20140411-1521
2017-03-06 08:25:54,092 - org.eclipse.ui.views - 3.7.0.v20140408-0703
2017-03-06 08:25:54,093 - org.eclipse.ui.editors - 3.8.200.v20140401-1310
2017-03-06 08:25:54,093 - org.eclipse.ui.externaltools - 3.2.300.v20140327-1949
2017-03-06 08:25:54,093 - org.eclipse.ui.ide - 3.10.0.v20140521-1937
2017-03-06 08:25:54,094 - org.eclipse.ui.ide.application - 1.0.500.v20140514-2033
2017-03-06 08:25:54,094 - org.eclipse.core.filesystem.linux.x86_64 - 1.2.200.v20140124-1940
2017-03-06 08:25:54,094 - org.eclipse.core.variables - 3.2.800.v20130819-1716
2017-03-06 08:25:54,094 - org.eclipse.ui.forms - 3.6.100.v20140422-1825
2017-03-06 08:25:54,094 - org.eclipse.ui.views.properties.tabbed - 3.6.0.v20140519-0906
2017-03-06 08:25:54,094 - org.eclipse.equinox.security - 1.2.0.v20130424-1801
2017-03-06 08:25:54,094 - org.eclipse.equinox.security.ui - 1.1.200.v20130626-2037
2017-03-06 08:25:54,095 - org.eclipse.core.externaltools - 1.0.300.v20140219-0051
2017-03-06 08:25:54,095 - org.eclipse.ui.themes - 1.0.0.v20140604-1608
2017-03-06 08:25:54,095 - org.eclipse.core.filesystem.java7 - 1.0.0.v20140429-1531
2017-03-06 08:25:54,100 - org.polarion.eclipse.team.svn.connector.javahl18 - 4.0.2.I20140528-1700
2017-03-06 08:25:54,101 - org.eclipse.emf.ecore.edit - 2.9.0.v20140519-0339
2017-03-06 08:25:54,101 - org.eclipse.emf.ecore.change.edit - 2.6.0.v20140519-0339
2017-03-06 08:25:54,102 - org.eclipse.persistence.antlr - 3.2.0.v201302191141
2017-03-06 08:25:54,103 - org.eclipse.persistence.asm - 3.3.1.v201302191223
2017-03-06 08:25:54,104 - org.eclipse.persistence.core - 2.6.0.v20130815-a4708b6
2017-03-06 08:25:54,104 - org.eclipse.persistence.jpa - 2.6.0.v20130815-a4708b6
2017-03-06 08:25:54,105 - org.eclipse.jpt.jpa.eclipselink.core - 2.4.0.v201310142259
2017-03-06 08:25:54,105 - org.eclipse.jpt.jpa.eclipselink.ui - 2.4.0.v201310142259
2017-03-06 08:25:54,105 - org.eclipse.jpt.jpa.eclipselink.core.ddlgen - 2.2.100.v201310142259
2017-03-06 08:25:54,105 - org.eclipse.jpt.jpa.eclipselink.branding - 3.4.0.v201310142259
2017-03-06 08:25:54,106 - org.eclipse.emf.mapping.ecore - 2.6.0.v20140519-0339
2017-03-06 08:25:54,107 - org.eclipse.emf.mapping.ecore2ecore - 2.8.0.v20140519-0339
2017-03-06 08:25:54,107 - org.eclipse.emf.mapping.ecore2xml - 2.8.0.v20140519-0339
2017-03-06 08:25:54,108 - org.eclipse.datatools.enablement.ingres - 1.0.0.v200906111150
2017-03-06 08:25:54,108 - org.eclipse.datatools.enablement.ingres.dbdefinition - 1.0.0.v200906161800
2017-03-06 08:25:54,109 - org.eclipse.datatools.enablement.ingres.ui - 1.0.0.v201105270214
2017-03-06 08:25:54,109 - org.eclipse.datatools.enablement.finfo - 1.5.1.v200906161800
2017-03-06 08:25:54,110 - org.eclipse.emf.codegen - 2.10.0.v20140519-0339
2017-03-06 08:25:54,110 - org.eclipse.m2e.logback.configuration - 1.5.0.20140606-0033
2017-03-06 08:25:54,111 - org.eclipse.m2e.logback.appender - 1.5.0.20140606-0033
2017-03-06 08:25:54,118 - org.eclipse.wst.dtd.ui - 1.0.801.v201308100603
2017-03-06 08:25:54,118 - org.eclipse.wst.dtd.ui.infopop - 1.0.400.v201008112018
2017-03-06 08:25:54,118 - org.eclipse.wst.sse.ui.infopop - 1.0.300.v201004150328
2017-03-06 08:25:54,119 - org.eclipse.wst.xml.ui.infopop - 1.0.400.v201004292007
2017-03-06 08:25:54,119 - org.eclipse.wst.sse.ui - 1.3.300.v201404240319
2017-03-06 08:25:54,119 - org.eclipse.wst.xml.ui - 1.1.500.v201403122203
2017-03-06 08:25:54,120 - org.eclipse.wst.xsd.ui - 1.2.500.v201203081826
2017-03-06 08:25:54,121 - org.eclipse.team.svn.resource.ignore.rules.jdt - 2.0.0.I20140609-1700
2017-03-06 08:25:54,121 - org.eclipse.datatools.doc.user - 1.7.0.20090521092446
2017-03-06 08:25:54,122 - org.eclipse.datatools.oda.cshelp - 1.1.2.v201309200751
2017-03-06 08:25:54,122 - org.eclipse.datatools.help - 1.5.0.v200906020553
2017-03-06 08:25:54,123 - org.eclipse.emf - 2.6.0.v20140519-0339
2017-03-06 08:25:54,124 - org.eclipse.epp.package.jee - 4.4.0.20140612-0500
2017-03-06 08:25:54,124 - org.eclipse.wtp.epp.package.jee.intro - 1.3.0.v201006142040
2017-03-06 08:25:54,124 - org.eclipse.wtp.javascript.capabilities - 1.0.100.v201005102000
2017-03-06 08:25:54,124 - org.eclipse.wtp.jee.capabilities - 1.0.100.v201005102000
2017-03-06 08:25:54,124 - org.eclipse.wtp.web.capabilities - 1.0.100.v201005102000
2017-03-06 08:25:54,125 - org.eclipse.wtp.xml.capabilities - 1.0.100.v201005102000
2017-03-06 08:25:54,125 - org.eclipse.wtp.epp.package.capabilities - 1.3.0.v201005102000
2017-03-06 08:25:54,126 - org.jboss.tools.runtime.core - 3.0.0.Beta3-v20140718-0436-B48
2017-03-06 08:25:54,126 - org.jboss.tools.runtime.ui - 3.0.0.Beta3-v20140718-0436-B48
2017-03-06 08:25:54,127 - org.eclipse.draw2d - 3.9.100.201405261516
2017-03-06 08:25:54,127 - org.hibernate.eclipse - 3.8.0.Beta3-v20140718-1655-B60
2017-03-06 08:25:54,128 - org.hibernate.eclipse.console - 3.8.0.Beta3-v20140718-1655-B60
2017-03-06 08:25:54,128 - org.hibernate.eclipse.help - 3.8.0.Beta3-v20140718-1655-B60
2017-03-06 08:25:54,128 - org.hibernate.eclipse.jdt.apt.ui - 3.8.0.Beta3-v20140718-1655-B60
2017-03-06 08:25:54,128 - org.hibernate.eclipse.jdt.ui - 3.8.0.Beta3-v20140718-1655-B60
2017-03-06 08:25:54,128 - org.hibernate.eclipse.mapper - 3.8.0.Beta3-v20140718-1655-B60
2017-03-06 08:25:54,129 - org.jboss.tools.hibernate.jpt.core - 3.8.0.Beta3-v20140718-1655-B60
2017-03-06 08:25:54,162 - org.jboss.tools.hibernate.jpt.ui - 3.8.0.Beta3-v20140718-1655-B60
2017-03-06 08:25:54,163 - org.jboss.tools.hibernate.ui - 3.8.0.Beta3-v20140718-1655-B60
2017-03-06 08:25:54,163 - org.jboss.tools.hibernate.xml - 3.8.0.Beta3-v20140718-1655-B60
2017-03-06 08:25:54,163 - org.jboss.tools.hibernate.xml.ui - 3.8.0.Beta3-v20140718-1655-B60
2017-03-06 08:25:54,167 - org.hibernate.eclipse.libs - 3.8.0.Beta3-v20140718-1655-B60
2017-03-06 08:25:54,169 - org.jboss.tools.hibernate3_5 - 3.8.0.Beta3-v20140718-1655-B60
2017-03-06 08:25:54,171 - org.jboss.tools.hibernate3_6 - 3.8.0.Beta3-v20140718-1655-B60
2017-03-06 08:25:54,173 - org.jboss.tools.hibernate4_0 - 3.8.0.Beta3-v20140718-1655-B60
2017-03-06 08:25:54,178 - org.jboss.tools.hibernate4_3 - 1.0.0.Beta3-v20140718-1655-B60
2017-03-06 08:25:54,184 - org.jboss.tools.forge.core.ext - 1.3.0.Beta3-v20140722-1702-B49
2017-03-06 08:25:54,184 - org.jboss.tools.forge.ui.ext - 1.3.0.Beta3-v20140722-1702-B49
2017-03-06 08:25:54,186 - org.eclipse.epp.mpc.core - 1.3.0.v20140521-1611
2017-03-06 08:25:54,186 - org.eclipse.epp.mpc.ui - 1.3.0.v20140529-2031
2017-03-06 08:25:54,186 - org.eclipse.epp.mpc.help.ui - 1.3.0.v20140425-1404
2017-03-06 08:25:54,189 - org.eclipse.dstore.core - 3.4.0.201404231656
2017-03-06 08:25:54,189 - org.eclipse.dstore.extra - 2.1.400.201403100950
2017-03-06 08:25:54,189 - org.eclipse.rse.connectorservice.dstore - 3.1.301.201403100950
2017-03-06 08:25:54,189 - org.eclipse.rse.services.dstore - 3.3.0.201406041609
2017-03-06 08:25:54,189 - org.eclipse.rse.subsystems.files.dstore - 2.1.300.201403100950
2017-03-06 08:25:54,189 - org.eclipse.rse.subsystems.processes.dstore - 2.1.400.201403100950
2017-03-06 08:25:54,190 - org.eclipse.rse.subsystems.shells.dstore - 2.1.400.201403100950
2017-03-06 08:25:54,190 - org.eclipse.rse.dstore.security - 3.0.400.201403100950
2017-03-06 08:25:54,191 - org.jboss.ide.eclipse.freemarker - 1.3.200.Beta3-v20140705-0313-B4
2017-03-06 08:25:54,191 - org.eclipse.pde - 3.8.200.v20140606-1215
2017-03-06 08:25:54,191 - org.eclipse.pde.build - 3.9.0.v20140415-2029
2017-03-06 08:25:54,192 - org.eclipse.pde.core - 3.10.0.v20140519-1409
2017-03-06 08:25:54,192 - org.eclipse.pde.junit.runtime - 3.4.400.v20140204-1740
2017-03-06 08:25:54,192 - org.eclipse.pde.runtime - 3.4.400.v20140512-1555
2017-03-06 08:25:54,193 - org.eclipse.pde.ui - 3.8.100.v20140529-0947
2017-03-06 08:25:54,193 - org.eclipse.pde.doc.user - 3.10.0.v20140605-1909
2017-03-06 08:25:54,193 - org.eclipse.pde.ui.templates - 3.4.800.v20140410-2009
2017-03-06 08:25:54,194 - org.eclipse.ui.views.log - 1.0.500.v20140512-1221
2017-03-06 08:25:54,194 - org.objectweb.asm - 5.0.1.v201404251740
2017-03-06 08:25:54,194 - org.objectweb.asm.tree - 5.0.1.v201404251740
2017-03-06 08:25:54,194 - org.eclipse.pde.api.tools - 1.0.600.v20140520-1809
2017-03-06 08:25:54,194 - org.eclipse.pde.api.tools.annotations - 1.0.0.v20140602-1527
2017-03-06 08:25:54,194 - org.eclipse.pde.api.tools.ui - 1.0.500.v20140512-1548
2017-03-06 08:25:54,195 - org.eclipse.pde.ds.core - 1.0.300.v20140204-1740
2017-03-06 08:25:54,195 - org.eclipse.pde.ds.ui - 1.0.300.v20140204-1740
2017-03-06 08:25:54,195 - org.eclipse.pde.launching - 3.6.200.v20140521-1231
2017-03-06 08:25:54,195 - org.eclipse.pde.ua.core - 1.0.300.v20140204-1740
2017-03-06 08:25:54,195 - org.eclipse.pde.ua.ui - 1.0.300.v20140307-1548
2017-03-06 08:25:54,196 - org.eclipse.ui.trace - 1.0.200.v20140424-1951
2017-03-06 08:25:54,197 - net.sourceforge.lpg.lpgjavaruntime - 1.1.0.v201004271650
2017-03-06 08:25:54,197 - org.eclipse.datatools.sqltools.parsers.sql.lexer - 1.0.1.v201107221520
2017-03-06 08:25:54,197 - org.eclipse.datatools.sqltools.parsers.sql.query - 1.2.1.v201201250511
2017-03-06 08:25:54,198 - org.eclipse.datatools.sqltools.parsers.sql.xml.query - 1.0.0.v201107221520
2017-03-06 08:25:54,198 - org.eclipse.datatools.sqltools.parsers.sql - 1.0.2.v201107221520
2017-03-06 08:25:54,199 - org.eclipse.mylyn.java.ui - 3.12.0.v20140328-2338
2017-03-06 08:25:54,199 - org.eclipse.mylyn.java.tasks - 3.12.0.v20140328-2338
2017-03-06 08:25:54,199 - org.eclipse.mylyn.ide.ui - 3.12.0.v20140328-2338
2017-03-06 08:25:54,200 - org.eclipse.mylyn.ide.ant - 3.12.0.v20140328-2338
2017-03-06 08:25:54,200 - org.eclipse.mylyn.debug.ui - 3.12.0.v20140328-2338
2017-03-06 08:25:54,201 - org.eclipse.m2e.wtp.jaxrs - 1.1.0.20140611-1646
2017-03-06 08:25:54,201 - org.eclipse.datatools.sqltools.sql - 1.0.1.v201110050515
2017-03-06 08:25:54,201 - org.eclipse.datatools.sqltools.common.ui - 1.0.1.v201212120623
2017-03-06 08:25:54,201 - org.eclipse.datatools.sqltools.plan - 1.0.0.v201107221520
2017-03-06 08:25:54,201 - org.eclipse.datatools.sqltools.editor.core - 1.0.3.v201212120623
2017-03-06 08:25:54,201 - org.eclipse.datatools.sqltools.sqleditor - 1.0.4.v201212120623
2017-03-06 08:25:54,201 - org.eclipse.datatools.sqltools.ddlgen.ui - 1.0.3.v201211200616
2017-03-06 08:25:54,201 - org.eclipse.datatools.connectivity.db.generic - 1.0.1.v201107221459
2017-03-06 08:25:54,201 - org.eclipse.datatools.sqltools.editor.core.ui - 1.0.0.v201001150815
2017-03-06 08:25:54,201 - org.eclipse.datatools.sqltools.sql.ui - 1.0.1.v201201270735
2017-03-06 08:25:54,202 - org.polarion.eclipse.team.svn.connector.svnkit18 - 4.0.2.I20140528-1700
2017-03-06 08:25:54,203 - org.eclipse.tm.terminal.ssh - 2.1.300.201405280638
2017-03-06 08:25:54,204 - org.eclipse.mylyn.commons.repositories.core - 1.4.0.v20140331-0927
2017-03-06 08:25:54,204 - org.eclipse.mylyn.commons.repositories.ui - 1.4.0.v20140331-0927
2017-03-06 08:25:54,205 - org.apache.commons.net - 3.2.0.v201305141515
2017-03-06 08:25:54,205 - org.eclipse.rse.services.files.ftp - 3.0.500.201403100950
2017-03-06 08:25:54,205 - org.eclipse.rse.subsystems.files.ftp - 2.2.0.201403100950
2017-03-06 08:25:54,206 - org.eclipse.rse.useractions - 1.1.500.201403100950
2017-03-06 08:25:54,207 - org.eclipse.mylyn.monitor.core - 3.12.0.v20140331-0927
2017-03-06 08:25:54,207 - org.eclipse.mylyn.monitor.ui - 3.12.0.v20140331-0927
2017-03-06 08:25:54,208 - org.jboss.tools.as.catalog - 3.0.0.Beta3-v20140718-1832-B70
2017-03-06 08:25:54,208 - org.jboss.ide.eclipse.as.ui.mbeans - 3.0.0.Beta3-v20140718-1832-B70
2017-03-06 08:25:54,208 - org.jboss.tools.as.runtimes.integration - 3.0.0.Beta3-v20140718-1832-B70
2017-03-06 08:25:54,208 - org.jboss.ide.eclipse.as.doc.user - 3.0.0.Beta3-v20140718-1832-B70
2017-03-06 08:25:54,209 - org.jboss.tools.wtp.runtimes.tomcat - 1.1.0.Beta3-v20140718-1832-B70
2017-03-06 08:25:54,210 - org.eclipse.team.svn.nl1.sources - 2.0.0.I20140609-1700
2017-03-06 08:25:54,210 - org.jboss.ide.eclipse.as.jmx.integration - 3.0.0.Beta3-v20140718-1832-B70
2017-03-06 08:25:54,211 - org.polarion.eclipse.team.svn.connector - 4.0.2.I20140528-1700
2017-03-06 08:25:54,212 - org.eclipse.emf.codegen.ecore.ui - 2.10.0.v20140519-0339
2017-03-06 08:25:54,213 - org.eclipse.emf.ecore.editor - 2.10.0.v20140519-0339
2017-03-06 08:25:54,213 - org.sonatype.m2e.mavenarchiver - 0.16.0.201401211452-signed-20140310144306
2017-03-06 08:25:54,214 - org.eclipse.mylyn.context.core - 3.12.0.v20140328-2338
2017-03-06 08:25:54,214 - org.eclipse.mylyn.context.ui - 3.12.0.v20140423-0309
2017-03-06 08:25:54,215 - org.eclipse.mylyn.resources.ui - 3.12.0.v20140412-1836
2017-03-06 08:25:54,215 - org.eclipse.mylyn.context.tasks.ui - 3.12.0.v20140328-2338
2017-03-06 08:25:54,216 - org.eclipse.datatools.enablement.oracle.dbdefinition - 1.0.103.v201206010214
2017-03-06 08:25:54,216 - org.eclipse.datatools.enablement.oracle - 1.0.0.v201107221506
2017-03-06 08:25:54,216 - org.eclipse.datatools.enablement.oracle.ui - 1.0.3.v201201131121
2017-03-06 08:25:54,216 - org.eclipse.datatools.enablement.finfo - 1.5.1.v200906161800
2017-03-06 08:25:54,217 - org.jboss.tools.runtime.seam.detector - 3.6.0.Beta3-v20140718-1717-B49
2017-03-06 08:25:54,218 - org.eclipse.emf.databinding - 1.3.0.v20140519-0339
2017-03-06 08:25:54,218 - org.eclipse.datatools.enablement.sap.maxdb.dbdefinition - 1.0.0.v201107221507
2017-03-06 08:25:54,219 - org.eclipse.datatools.enablement.sap.maxdb - 1.0.0.v201107221507
2017-03-06 08:25:54,219 - org.eclipse.datatools.enablement.sap.maxdb.ui - 1.0.0.v201107221507
2017-03-06 08:25:54,219 - org.eclipse.datatools.enablement.finfo - 1.5.1.v200906161800
2017-03-06 08:25:54,220 - java_cup.runtime - 0.10.0.v201005080400
2017-03-06 08:25:54,220 - org.apache.xerces - 2.9.0.v201101211617
2017-03-06 08:25:54,220 - org.eclipse.wst.xml.xpath2.processor - 2.1.100.v201211261519
2017-03-06 08:25:54,220 - org.eclipse.wst.xml.xpath2.wtptypes - 2.0.0.v201103212215
2017-03-06 08:25:54,220 - org.eclipse.wst.xml.xpath2 - 1.1.0.v200910101444
2017-03-06 08:25:54,220 - org.eclipse.wst.xml.xpath2.processor.doc.user - 2.0.0.v201105190326
2017-03-06 08:25:54,221 - org.jboss.tools.central - 1.3.0.Beta3-v20140718-1719-B77
