2017-03-06 08:25:54,221 [Worker-0] DEBUG class java.lang.Class - Starting Andmore Common Plugin...
2017-03-06 08:25:54,221 [Worker-0] DEBUG class java.lang.Class - Andmore Common Plugin started.
2017-03-06 08:25:54,222 [Worker-0] DEBUG class java.lang.Class - Starting Andmore Plugin...
2017-03-06 08:25:54,223 [Worker-0] DEBUG class java.lang.Class - Andmore Plugin started.
2017-03-06 08:25:55,223 [Worker-6] DEBUG class org.eclipse.andmore.android.AndroidPlugin - Notify SDK loader listeners
2017-03-06 08:25:56,478 [Worker-0] DEBUG class java.lang.Class - Starting Andmore Emulator Plugin...
2017-03-06 08:25:56,901 [Worker-0] DEBUG class java.lang.Class - Starting Andmore Handset Plugin...
2017-03-06 08:25:56,941 [Worker-0] DEBUG class java.lang.Class - Andmore Handset Plugin started.
2017-03-06 08:25:56,943 [Worker-0] DEBUG class java.lang.Class - Starting Andmore Remote Device Plugin...
2017-03-06 08:25:56,943 [Worker-0] DEBUG class java.lang.Class - Starting Andmore Remote Device Plugin started.
2017-03-06 08:25:56,947 [Worker-0] DEBUG class java.lang.Class - Starting Andmore Device Services Plugin...
2017-03-06 08:25:56,947 [Worker-0] DEBUG class java.lang.Class - Andmore Device Services Plugin started.
2017-03-06 08:25:57,027 [Instance Event Manager] INFO  Studio for Android - The android device instance status was updated: Dispositivo1 Status: OFF
2017-03-06 08:25:57,028 [Instance Event Manager] INFO  Studio for Android - The android device instance status was updated: RobotiumEmulator Status: OFF
2017-03-06 08:25:57,028 [Instance Event Manager] INFO  Studio for Android - The android device instance status was updated: Android Status: OFF
2017-03-06 08:25:57,028 [Instance Event Manager] INFO  Studio for Android - The android device instance status was updated: Android2 Status: OFF
2017-03-06 08:25:57,028 [Instance Event Manager] INFO  Studio for Android - The android device instance status was updated: Nexus_4_API_24 Status: OFF
2017-03-06 08:25:57,030 [Instance Event Manager] INFO  Studio for Android - The android device instance status was updated: Dispositivo1 Status: org.eclipse.andmore.android.emulator.status.notavailable
2017-03-06 08:25:57,030 [Instance Event Manager] INFO  Studio for Android - The android device instance status was updated: Android2 Status: org.eclipse.andmore.android.emulator.status.notavailable
2017-03-06 08:25:57,030 [Instance Event Manager] INFO  Studio for Android - The android device instance status was updated: RobotiumEmulator Status: org.eclipse.andmore.android.emulator.status.notavailable
2017-03-06 08:25:57,030 [Instance Event Manager] INFO  Studio for Android - The android device instance status was updated: Android Status: org.eclipse.andmore.android.emulator.status.notavailable
2017-03-06 08:25:57,030 [Instance Event Manager] INFO  Studio for Android - The android device instance status was updated: Nexus_4_API_24 Status: org.eclipse.andmore.android.emulator.status.notavailable
2017-03-06 08:25:57,053 [Instance Event Manager] INFO  Studio for Android - The android device instance status was updated: RobotiumEmulator Status: org.eclipse.andmore.android.emulator.status.offline
2017-03-06 08:25:57,161 [Worker-0] DEBUG class java.lang.Class - Andmore Emulator Plugin started.
2017-03-06 08:25:57,393 [Worker-0] INFO  Studio for Android - [Status: id=org.eclipse.andmore.android.emulator.status.offline;name=Offline]
2017-03-06 08:25:57,393 [Worker-0] INFO  Studio for Android - [Status: id=org.eclipse.andmore.android.handset.status.handsetonline;name=Online]
2017-03-06 08:25:57,393 [Worker-0] INFO  Studio for Android - [Status: id=INACTIVE;name=INACTIVE]
2017-03-06 08:25:57,393 [Worker-0] INFO  Studio for Android - [Status: id=org.eclipse.andmore.android.emulator.status.notavailable;name=Not available]
2017-03-06 08:25:57,393 [Worker-0] INFO  Studio for Android - [Status: id=IDLE;name=IDLE]
2017-03-06 08:25:57,393 [Worker-0] INFO  Studio for Android - [Status: id=org.eclipse.andmore.android.remote.status.connected;name=Connected]
2017-03-06 08:25:57,393 [Worker-0] INFO  Studio for Android - [Status: id=org.eclipse.andmore.android.remote.status.disconnected;name=Disconnected]
2017-03-06 08:25:57,393 [Worker-0] INFO  Studio for Android - [Status: id=org.eclipse.andmore.android.emulator.status.online;name=Online]
2017-03-06 08:25:57,393 [Worker-0] INFO  Studio for Android - [Status: id=OFF;name=OFF]
2017-03-06 08:25:57,393 [Worker-0] INFO  Studio for Android - [Status: id=org.eclipse.andmore.android.emulator.status.offlineNoData;name=Offline (no user data)]
2017-03-06 08:25:57,722 [Instance Event Manager] INFO  Studio for Android - The android device instance status was updated: Dispositivo1 Status: org.eclipse.andmore.android.emulator.status.offline
